<?xml version="1.0" encoding="UTF-8"?>
<!-- Generated by org.testng.reporters.JUnitReportReporter -->
<testsuite hostname="DESKTOP-RE2P4SN" failures="0" tests="2" name="com.gosecure.hiring.AppTest" time="0.024" errors="0" timestamp="18 Aug 2020 03:54:05 GMT" skipped="0">
  <testcase classname="com.gosecure.hiring.AppTest" name="sub" time="0.000"/>
  <testcase classname="com.gosecure.hiring.AppTest" name="add" time="0.024"/>
</testsuite> <!-- com.gosecure.hiring.AppTest -->
